0 verbose cli /usr/local/bin/node /usr/local/bin/npm
1 info using npm@10.9.2
2 info using node@v22.14.0
3 silly config load:file:/usr/local/lib/node_modules/npm/npmrc
4 silly config load:file:/Users/zhouyi/Desktop/program/lianjin-web/.npmrc
5 silly config load:file:/Users/zhouyi/.npmrc
6 silly config load:file:/usr/local/etc/npmrc
7 verbose title npm install react-draggable
8 verbose argv "install" "react-draggable" "--cache" ".npm-cache"
9 verbose logfile logs-max:10 dir:/Users/zhouyi/Desktop/program/lianjin-web/.npm-cache/_logs/2025-12-01T09_29_48_671Z-
10 verbose logfile /Users/zhouyi/Desktop/program/lianjin-web/.npm-cache/_logs/2025-12-01T09_29_48_671Z-debug-0.log
11 silly logfile done cleaning log files
12 http fetch GET https://registry.npmjs.org/npm attempt 1 failed with ENOTFOUND
13 silly packumentCache heap:2197815296 maxSize:549453824 maxEntrySize:274726912
14 silly idealTree buildDeps
15 silly fetch manifest react-draggable@*
16 silly packumentCache full:https://registry.npmjs.org/react-draggable cache-miss
17 http fetch GET https://registry.npmjs.org/react-draggable attempt 1 failed with ENOTFOUND
18 http fetch GET https://registry.npmjs.org/npm attempt 2 failed with ENOTFOUND
19 http fetch GET https://registry.npmjs.org/react-draggable attempt 2 failed with ENOTFOUND
20 http fetch GET https://registry.npmjs.org/npm attempt 3 failed with ENOTFOUND
21 http fetch GET https://registry.npmjs.org/react-draggable attempt 3 failed with ENOTFOUND
22 silly placeDep ROOT react-draggable@ OK for: lianjin-web@0.1.0 want: *
23 verbose type system
24 verbose stack FetchError: request to https://registry.npmjs.org/react-draggable failed, reason: getaddrinfo ENOTFOUND registry.npmjs.org
24 verbose stack     at ClientRequest.<anonymous> (/usr/local/lib/node_modules/npm/node_modules/minipass-fetch/lib/index.js:130:14)
24 verbose stack     at ClientRequest.emit (node:events:518:28)
24 verbose stack     at emitErrorEvent (node:_http_client:104:11)
24 verbose stack     at _destroy (node:_http_client:898:9)
24 verbose stack     at onSocketNT (node:_http_client:918:5)
24 verbose stack     at process.processTicksAndRejections (node:internal/process/task_queues:91:21)
25 error code ENOTFOUND
26 error syscall getaddrinfo
27 error errno ENOTFOUND
28 error network request to https://registry.npmjs.org/react-draggable failed, reason: getaddrinfo ENOTFOUND registry.npmjs.org
29 error network This is a problem related to network connectivity.
29 error network In most cases you are behind a proxy or have bad network settings.
29 error network
29 error network If you are behind a proxy, please make sure that the
29 error network 'proxy' config is set properly.  See: 'npm help config'
30 silly unfinished npm timer reify 1764581388939
31 silly unfinished npm timer reify:loadTrees 1764581388939
32 verbose cwd /Users/zhouyi/Desktop/program/lianjin-web
33 verbose os Darwin 21.6.0
34 verbose node v22.14.0
35 verbose npm  v10.9.2
36 verbose exit 1
37 verbose code 1
38 error A complete log of this run can be found in: /Users/zhouyi/Desktop/program/lianjin-web/.npm-cache/_logs/2025-12-01T09_29_48_671Z-debug-0.log
